# JRE version: OpenJDK Runtime Environment Temurin-11.0.19+7 (11.0.19+7) (build 11.0.19+7)
# Java VM: OpenJDK 64-Bit Server VM Temurin-11.0.19+7 (11.0.19+7, mixed mode, tiered, compressed oops, g1 gc, windows-amd64)
Heap:
 garbage-first heap   total 143360K, used 105027K [0x00000000a1000000, 0x0000000100000000)
  region size 1024K, 15 young (15360K), 2 survivors (2048K)
 Metaspace       used 71526K, capacity 72410K, committed 72576K, reserved 1114112K
  class space    used 7740K, capacity 8112K, committed 8140K, reserved 1048576K
GC Heap History (20 events):
Event: 34.703 GC heap before
{Heap before GC invocations=27 (full 0):
 garbage-first heap   total 118784K, used 98263K [0x00000000a1000000, 0x0000000100000000)
  region size 1024K, 19 young (19456K), 3 survivors (3072K)
 Metaspace       used 70200K, capacity 71108K, committed 71296K, reserved 1112064K
  class space    used 7696K, capacity 8070K, committed 8140K, reserved 1048576K
}
Event: 34.714 GC heap after
{Heap after GC invocations=28 (full 0):
 garbage-first heap   total 118784K, used 83702K [0x00000000a1000000, 0x0000000100000000)
  region size 1024K, 2 young (2048K), 2 survivors (2048K)
 Metaspace       used 70200K, capacity 71108K, committed 71296K, reserved 1112064K
  class space    used 7696K, capacity 8070K, committed 8140K, reserved 1048576K
}
Event: 35.748 GC heap before
{Heap before GC invocations=29 (full 0):
 garbage-first heap   total 118784K, used 101110K [0x00000000a1000000, 0x0000000100000000)
  region size 1024K, 17 young (17408K), 2 survivors (2048K)
 Metaspace       used 70556K, capacity 71448K, committed 71552K, reserved 1112064K
  class space    used 7719K, capacity 8075K, committed 8140K, reserved 1048576K
}
Event: 35.758 GC heap after
{Heap after GC invocations=30 (full 0):
 garbage-first heap   total 118784K, used 87443K [0x00000000a1000000, 0x0000000100000000)
  region size 1024K, 2 young (2048K), 2 survivors (2048K)
 Metaspace       used 70556K, capacity 71448K, committed 71552K, reserved 1112064K
  class space    used 7719K, capacity 8075K, committed 8140K, reserved 1048576K
}
Event: 36.013 GC heap before
{Heap before GC invocations=30 (full 0):
 garbage-first heap   total 118784K, used 90515K [0x00000000a1000000, 0x0000000100000000)
  region size 1024K, 5 young (5120K), 2 survivors (2048K)
 Metaspace       used 70621K, capacity 71512K, committed 71808K, reserved 1114112K
  class space    used 7722K, capacity 8075K, committed 8140K, reserved 1048576K
}
Event: 36.020 GC heap after
{Heap after GC invocations=31 (full 0):
 garbage-first heap   total 118784K, used 86697K [0x00000000a1000000, 0x0000000100000000)
  region size 1024K, 1 young (1024K), 1 survivors (1024K)
 Metaspace       used 70621K, capacity 71512K, committed 71808K, reserved 1114112K
  class space    used 7722K, capacity 8075K, committed 8140K, reserved 1048576K
}
Event: 36.565 GC heap before
{Heap before GC invocations=31 (full 0):
 garbage-first heap   total 118784K, used 100009K [0x00000000a1000000, 0x0000000100000000)
  region size 1024K, 14 young (14336K), 1 survivors (1024K)
 Metaspace       used 70841K, capacity 71718K, committed 71808K, reserved 1114112K
  class space    used 7726K, capacity 8077K, committed 8140K, reserved 1048576K
}
Event: 36.571 GC heap after
{Heap after GC invocations=32 (full 0):
 garbage-first heap   total 118784K, used 87782K [0x00000000a1000000, 0x0000000100000000)
  region size 1024K, 2 young (2048K), 2 survivors (2048K)
 Metaspace       used 70841K, capacity 71718K, committed 71808K, reserved 1114112K
  class space    used 7726K, capacity 8077K, committed 8140K, reserved 1048576K
}
Event: 37.326 GC heap before
{Heap before GC invocations=33 (full 0):
 garbage-first heap   total 118784K, used 100070K [0x00000000a1000000, 0x0000000100000000)
  region size 1024K, 14 young (14336K), 2 survivors (2048K)
 Metaspace       used 70956K, capacity 71800K, committed 72064K, reserved 1114112K
  class space    used 7731K, capacity 8080K, committed 8140K, reserved 1048576K
}
Event: 37.333 GC heap after
{Heap after GC invocations=34 (full 0):
 garbage-first heap   total 118784K, used 88596K [0x00000000a1000000, 0x0000000100000000)
  region size 1024K, 1 young (1024K), 1 survivors (1024K)
 Metaspace       used 70956K, capacity 71800K, committed 72064K, reserved 1114112K
  class space    used 7731K, capacity 8080K, committed 8140K, reserved 1048576K
}
Event: 37.530 GC heap before
{Heap before GC invocations=34 (full 0):
 garbage-first heap   total 118784K, used 92692K [0x00000000a1000000, 0x0000000100000000)
  region size 1024K, 5 young (5120K), 1 survivors (1024K)
 Metaspace       used 71004K, capacity 71896K, committed 72064K, reserved 1114112K
  class space    used 7734K, capacity 8112K, committed 8140K, reserved 1048576K
}
Event: 37.534 GC heap after
{Heap after GC invocations=35 (full 0):
 garbage-first heap   total 118784K, used 88215K [0x00000000a1000000, 0x0000000100000000)
  region size 1024K, 1 young (1024K), 1 survivors (1024K)
 Metaspace       used 71004K, capacity 71896K, committed 72064K, reserved 1114112K
  class space    used 7734K, capacity 8112K, committed 8140K, reserved 1048576K
}
Event: 38.185 GC heap before
{Heap before GC invocations=35 (full 0):
 garbage-first heap   total 118784K, used 100503K [0x00000000a1000000, 0x0000000100000000)
  region size 1024K, 13 young (13312K), 1 survivors (1024K)
 Metaspace       used 71107K, capacity 72024K, committed 72064K, reserved 1114112K
  class space    used 7734K, capacity 8112K, committed 8140K, reserved 1048576K
}
Event: 38.191 GC heap after
{Heap after GC invocations=36 (full 0):
 garbage-first heap   total 118784K, used 88880K [0x00000000a1000000, 0x0000000100000000)
  region size 1024K, 1 young (1024K), 1 survivors (1024K)
 Metaspace       used 71107K, capacity 72024K, committed 72064K, reserved 1114112K
  class space    used 7734K, capacity 8112K, committed 8140K, reserved 1048576K
}
Event: 39.421 GC heap before
{Heap before GC invocations=37 (full 0):
 garbage-first heap   total 118784K, used 102192K [0x00000000a1000000, 0x0000000100000000)
  region size 1024K, 14 young (14336K), 1 survivors (1024K)
 Metaspace       used 71223K, capacity 72089K, committed 72320K, reserved 1114112K
  class space    used 7738K, capacity 8112K, committed 8140K, reserved 1048576K
}
Event: 39.428 GC heap after
{Heap after GC invocations=38 (full 0):
 garbage-first heap   total 118784K, used 90061K [0x00000000a1000000, 0x0000000100000000)
  region size 1024K, 2 young (2048K), 2 survivors (2048K)
 Metaspace       used 71223K, capacity 72089K, committed 72320K, reserved 1114112K
  class space    used 7738K, capacity 8112K, committed 8140K, reserved 1048576K
}
Event: 40.164 GC heap before
{Heap before GC invocations=38 (full 0):
 garbage-first heap   total 118784K, used 101325K [0x00000000a1000000, 0x0000000100000000)
  region size 1024K, 14 young (14336K), 2 survivors (2048K)
 Metaspace       used 71350K, capacity 72217K, committed 72320K, reserved 1114112K
  class space    used 7738K, capacity 8112K, committed 8140K, reserved 1048576K
}
Event: 40.173 GC heap after
{Heap after GC invocations=39 (full 0):
 garbage-first heap   total 118784K, used 91610K [0x00000000a1000000, 0x0000000100000000)
  region size 1024K, 2 young (2048K), 2 survivors (2048K)
 Metaspace       used 71350K, capacity 72217K, committed 72320K, reserved 1114112K
  class space    used 7738K, capacity 8112K, committed 8140K, reserved 1048576K
}
Event: 41.240 GC heap before
{Heap before GC invocations=40 (full 0):
 garbage-first heap   total 118784K, used 102874K [0x00000000a1000000, 0x0000000100000000)
  region size 1024K, 13 young (13312K), 2 survivors (2048K)
 Metaspace       used 71426K, capacity 72281K, committed 72320K, reserved 1114112K
  class space    used 7740K, capacity 8112K, committed 8140K, reserved 1048576K
}
Event: 41.249 GC heap after
{Heap after GC invocations=41 (full 0):
 garbage-first heap   total 143360K, used 92739K [0x00000000a1000000, 0x0000000100000000)
  region size 1024K, 2 young (2048K), 2 survivors (2048K)
 Metaspace       used 71426K, capacity 72281K, committed 72320K, reserved 1114112K
  class space    used 7740K, capacity 8112K, committed 8140K, reserved 1048576K
}

