# JRE version: OpenJDK Runtime Environment Temurin-11.0.19+7 (11.0.19+7) (build 11.0.19+7)
# Java VM: OpenJDK 64-Bit Server VM Temurin-11.0.19+7 (11.0.19+7, mixed mode, tiered, compressed oops, g1 gc, windows-amd64)
Heap:
 garbage-first heap   total 210944K, used 144124K [0x00000000a1000000, 0x0000000100000000)
  region size 1024K, 26 young (26624K), 2 survivors (2048K)
 Metaspace       used 89814K, capacity 90735K, committed 90880K, reserved 1130496K
  class space    used 9365K, capacity 9745K, committed 9804K, reserved 1048576K
GC Heap History (20 events):
Event: 23.601 GC heap before
{Heap before GC invocations=30 (full 0):
 garbage-first heap   total 175104K, used 118206K [0x00000000a1000000, 0x0000000100000000)
  region size 1024K, 8 young (8192K), 6 survivors (6144K)
 Metaspace       used 79251K, capacity 80187K, committed 80384K, reserved 1120256K
  class space    used 8374K, capacity 8747K, committed 8780K, reserved 1048576K
}
Event: 23.610 GC heap after
{Heap after GC invocations=31 (full 0):
 garbage-first heap   total 175104K, used 117760K [0x00000000a1000000, 0x0000000100000000)
  region size 1024K, 1 young (1024K), 1 survivors (1024K)
 Metaspace       used 79251K, capacity 80187K, committed 80384K, reserved 1120256K
  class space    used 8374K, capacity 8747K, committed 8780K, reserved 1048576K
}
Event: 24.153 GC heap before
{Heap before GC invocations=31 (full 0):
 garbage-first heap   total 175104K, used 144384K [0x00000000a1000000, 0x0000000100000000)
  region size 1024K, 27 young (27648K), 1 survivors (1024K)
 Metaspace       used 82275K, capacity 83198K, committed 83328K, reserved 1124352K
  class space    used 8673K, capacity 9068K, committed 9164K, reserved 1048576K
}
Event: 24.159 GC heap after
{Heap after GC invocations=32 (full 0):
 garbage-first heap   total 175104K, used 122819K [0x00000000a1000000, 0x0000000100000000)
  region size 1024K, 4 young (4096K), 4 survivors (4096K)
 Metaspace       used 82275K, capacity 83198K, committed 83328K, reserved 1124352K
  class space    used 8673K, capacity 9068K, committed 9164K, reserved 1048576K
}
Event: 24.726 GC heap before
{Heap before GC invocations=33 (full 0):
 garbage-first heap   total 175104K, used 142275K [0x00000000a1000000, 0x0000000100000000)
  region size 1024K, 26 young (26624K), 4 survivors (4096K)
 Metaspace       used 85775K, capacity 86721K, committed 87040K, reserved 1126400K
  class space    used 9062K, capacity 9453K, committed 9548K, reserved 1048576K
}
Event: 24.736 GC heap after
{Heap after GC invocations=34 (full 0):
 garbage-first heap   total 175104K, used 123376K [0x00000000a1000000, 0x0000000100000000)
  region size 1024K, 3 young (3072K), 3 survivors (3072K)
 Metaspace       used 85775K, capacity 86721K, committed 87040K, reserved 1126400K
  class space    used 9062K, capacity 9453K, committed 9548K, reserved 1048576K
}
Event: 24.823 GC heap before
{Heap before GC invocations=34 (full 0):
 garbage-first heap   total 175104K, used 128496K [0x00000000a1000000, 0x0000000100000000)
  region size 1024K, 8 young (8192K), 3 survivors (3072K)
 Metaspace       used 86076K, capacity 87009K, committed 87296K, reserved 1126400K
  class space    used 9089K, capacity 9485K, committed 9548K, reserved 1048576K
}
Event: 24.835 GC heap after
{Heap after GC invocations=35 (full 0):
 garbage-first heap   total 175104K, used 116906K [0x00000000a1000000, 0x0000000100000000)
  region size 1024K, 1 young (1024K), 1 survivors (1024K)
 Metaspace       used 86076K, capacity 87009K, committed 87296K, reserved 1126400K
  class space    used 9089K, capacity 9485K, committed 9548K, reserved 1048576K
}
Event: 25.211 GC heap before
{Heap before GC invocations=35 (full 0):
 garbage-first heap   total 175104K, used 140458K [0x00000000a1000000, 0x0000000100000000)
  region size 1024K, 25 young (25600K), 1 survivors (1024K)
 Metaspace       used 87718K, capacity 88685K, committed 88960K, reserved 1128448K
  class space    used 9236K, capacity 9617K, committed 9676K, reserved 1048576K
}
Event: 25.216 GC heap after
{Heap after GC invocations=36 (full 0):
 garbage-first heap   total 175104K, used 117822K [0x00000000a1000000, 0x0000000100000000)
  region size 1024K, 2 young (2048K), 2 survivors (2048K)
 Metaspace       used 87718K, capacity 88685K, committed 88960K, reserved 1128448K
  class space    used 9236K, capacity 9617K, committed 9676K, reserved 1048576K
}
Event: 25.885 GC heap before
{Heap before GC invocations=37 (full 0):
 garbage-first heap   total 175104K, used 142398K [0x00000000a1000000, 0x0000000100000000)
  region size 1024K, 26 young (26624K), 2 survivors (2048K)
 Metaspace       used 88689K, capacity 89645K, committed 89856K, reserved 1130496K
  class space    used 9298K, capacity 9681K, committed 9804K, reserved 1048576K
}
Event: 25.893 GC heap after
{Heap after GC invocations=38 (full 0):
 garbage-first heap   total 175104K, used 118810K [0x00000000a1000000, 0x0000000100000000)
  region size 1024K, 3 young (3072K), 3 survivors (3072K)
 Metaspace       used 88689K, capacity 89645K, committed 89856K, reserved 1130496K
  class space    used 9298K, capacity 9681K, committed 9804K, reserved 1048576K
}
Event: 25.969 GC heap before
{Heap before GC invocations=38 (full 0):
 garbage-first heap   total 175104K, used 123930K [0x00000000a1000000, 0x0000000100000000)
  region size 1024K, 8 young (8192K), 3 survivors (3072K)
 Metaspace       used 88795K, capacity 89709K, committed 89856K, reserved 1130496K
  class space    used 9304K, capacity 9681K, committed 9804K, reserved 1048576K
}
Event: 25.978 GC heap after
{Heap after GC invocations=39 (full 0):
 garbage-first heap   total 175104K, used 117675K [0x00000000a1000000, 0x0000000100000000)
  region size 1024K, 1 young (1024K), 1 survivors (1024K)
 Metaspace       used 88795K, capacity 89709K, committed 89856K, reserved 1130496K
  class space    used 9304K, capacity 9681K, committed 9804K, reserved 1048576K
}
Event: 26.401 GC heap before
{Heap before GC invocations=39 (full 0):
 garbage-first heap   total 175104K, used 143275K [0x00000000a1000000, 0x0000000100000000)
  region size 1024K, 26 young (26624K), 1 survivors (1024K)
 Metaspace       used 89133K, capacity 90063K, committed 90368K, reserved 1130496K
  class space    used 9326K, capacity 9713K, committed 9804K, reserved 1048576K
}
Event: 26.410 GC heap after
{Heap after GC invocations=40 (full 0):
 garbage-first heap   total 175104K, used 118661K [0x00000000a1000000, 0x0000000100000000)
  region size 1024K, 2 young (2048K), 2 survivors (2048K)
 Metaspace       used 89133K, capacity 90063K, committed 90368K, reserved 1130496K
  class space    used 9326K, capacity 9713K, committed 9804K, reserved 1048576K
}
Event: 27.015 GC heap before
{Heap before GC invocations=41 (full 0):
 garbage-first heap   total 175104K, used 144261K [0x00000000a1000000, 0x0000000100000000)
  region size 1024K, 27 young (27648K), 2 survivors (2048K)
 Metaspace       used 89422K, capacity 90351K, committed 90624K, reserved 1130496K
  class space    used 9348K, capacity 9745K, committed 9804K, reserved 1048576K
}
Event: 27.024 GC heap after
{Heap after GC invocations=42 (full 0):
 garbage-first heap   total 175104K, used 120087K [0x00000000a1000000, 0x0000000100000000)
  region size 1024K, 3 young (3072K), 3 survivors (3072K)
 Metaspace       used 89422K, capacity 90351K, committed 90624K, reserved 1130496K
  class space    used 9348K, capacity 9745K, committed 9804K, reserved 1048576K
}
Event: 27.385 GC heap before
{Heap before GC invocations=42 (full 0):
 garbage-first heap   total 175104K, used 145687K [0x00000000a1000000, 0x0000000100000000)
  region size 1024K, 28 young (28672K), 3 survivors (3072K)
 Metaspace       used 89573K, capacity 90543K, committed 90624K, reserved 1130496K
  class space    used 9348K, capacity 9745K, committed 9804K, reserved 1048576K
}
Event: 27.394 GC heap after
{Heap after GC invocations=43 (full 0):
 garbage-first heap   total 210944K, used 120572K [0x00000000a1000000, 0x0000000100000000)
  region size 1024K, 2 young (2048K), 2 survivors (2048K)
 Metaspace       used 89573K, capacity 90543K, committed 90624K, reserved 1130496K
  class space    used 9348K, capacity 9745K, committed 9804K, reserved 1048576K
}

